app/build/intermediates/manifest_merge_blame_file/debug/manifest-merger-blame-debug-report.txt
1<?xml version="1.0" encoding="utf-8"?>
2<manifest xmlns:android="http://schemas.android.com/apk/res/android"
3    package="com.example.auxyl"
4    android:versionCode="1"
5    android:versionName="1.0" >
6
7    <uses-sdk
8        android:minSdkVersion="18"
8-->src\main\AndroidManifest.xml
9        android:targetSdkVersion="30" />
9-->src\main\AndroidManifest.xml
10
11    <uses-permission android:name="android.permission.ACCESS_NETWORK_STATE" />
11-->src\main\AndroidManifest.xml:4:5-79
11-->src\main\AndroidManifest.xml:4:22-76
12    <uses-permission android:name="android.permission.INTERNET" />
12-->src\main\AndroidManifest.xml:5:5-67
12-->src\main\AndroidManifest.xml:5:22-64
13
14    <application
14-->src\main\AndroidManifest.xml:6:5-27:19
15        android:allowBackup="true"
15-->src\main\AndroidManifest.xml:7:9-35
16        android:appComponentFactory="androidx.core.app.CoreComponentFactory"
16-->[androidx.core:core:1.3.2] AndroidManifest.xml:24:18-86
17        android:debuggable="true"
18        android:icon="@mipmap/ic_launcher"
18-->src\main\AndroidManifest.xml:8:9-43
19        android:label="@string/app_name"
19-->src\main\AndroidManifest.xml:9:9-41
20        android:roundIcon="@mipmap/ic_launcher_round"
20-->src\main\AndroidManifest.xml:10:9-54
21        android:supportsRtl="true"
21-->src\main\AndroidManifest.xml:11:9-35
22        android:testOnly="true"
23        android:theme="@style/Theme.Auxyl" >
23-->src\main\AndroidManifest.xml:12:9-43
24        <activity android:name="com.example.auxyl.activity.BaruActivity" />
24-->src\main\AndroidManifest.xml:13:9-68
24-->src\main\AndroidManifest.xml:13:19-56
25        <!-- <activity -->
26        <!-- android:name=".activity.MainActivity" -->
27        <!-- android:label="@string/title_activity_main" /> -->
28        <activity android:name="com.example.auxyl.MainActivity" >
28-->src\main\AndroidManifest.xml:17:9-23:20
28-->src\main\AndroidManifest.xml:17:19-47
29            <intent-filter>
29-->src\main\AndroidManifest.xml:18:13-22:29
30                <action android:name="android.intent.action.MAIN" />
30-->src\main\AndroidManifest.xml:19:17-69
30-->src\main\AndroidManifest.xml:19:25-66
31
32                <category android:name="android.intent.category.LAUNCHER" />
32-->src\main\AndroidManifest.xml:21:17-77
32-->src\main\AndroidManifest.xml:21:27-74
33            </intent-filter>
34        </activity>
35        <activity android:name="com.example.auxyl.activity.LoginActivity" />
35-->src\main\AndroidManifest.xml:24:9-69
35-->src\main\AndroidManifest.xml:24:19-57
36        <activity android:name="com.example.auxyl.activity.MasukActivity" />
36-->src\main\AndroidManifest.xml:25:9-60
36-->src\main\AndroidManifest.xml:25:19-57
37        <activity android:name="com.example.auxyl.activity.DaftarActivity" />
37-->src\main\AndroidManifest.xml:26:9-61
37-->src\main\AndroidManifest.xml:26:19-58
38    </application>
39
40</manifest>